This file contains any messages produced by compilers while
running configure, to aid debugging if configure makes a mistake.

It was created by configure, which was
generated by GNU Autoconf 2.59.  Invocation command line was

  $ ./configure 

## --------- ##
## Platform. ##
## --------- ##

hostname = dfw01.youversion.com
uname -m = x86_64
uname -r = 2.6.18-128.el5
uname -s = Linux
uname -v = #1 SMP Wed Jan 21 10:41:14 EST 2009

/usr/bin/uname -p = unknown
/bin/uname -X     = unknown

/bin/arch              = x86_64
/usr/bin/arch -k       = unknown
/usr/convex/getsysinfo = unknown
hostinfo               = unknown
/bin/machine           = unknown
/usr/bin/oslevel       = unknown
/bin/universe          = unknown

PATH: /usr/kerberos/sbin
PATH: /usr/kerberos/bin
PATH: /usr/local/sbin
PATH: /usr/local/bin
PATH: /sbin
PATH: /bin
PATH: /usr/sbin
PATH: /usr/bin
PATH: /root/bin


## ----------- ##
## Core tests. ##
## ----------- ##

configure:1500: checking for egrep
configure:1510: result: grep -E
configure:1515: checking for a sed that does not truncate output
configure:1571: result: /bin/sed
configure:1701: checking for cc
configure:1717: found /usr/bin/cc
configure:1727: result: cc
configure:1748: checking for C compiler version
configure:1751: cc --version </dev/null >&5
cc (GCC) 4.1.2 20080704 (Red Hat 4.1.2-46)
Copyright (C) 2006 Free Software Foundation, Inc.
This is free software; see the source for copying conditions.  There is NO
warranty; not even for MERCHANTABILITY or FITNESS FOR A PARTICULAR PURPOSE.

configure:1754: $? = 0
configure:1756: cc -v </dev/null >&5
Using built-in specs.
Target: x86_64-redhat-linux
Configured with: ../configure --prefix=/usr --mandir=/usr/share/man --infodir=/usr/share/info --enable-shared --enable-threads=posix --enable-checking=release --with-system-zlib --enable-__cxa_atexit --disable-libunwind-exceptions --enable-libgcj-multifile --enable-languages=c,c++,objc,obj-c++,java,fortran,ada --enable-java-awt=gtk --disable-dssi --enable-plugin --with-java-home=/usr/lib/jvm/java-1.4.2-gcj-1.4.2.0/jre --with-cpu=generic --host=x86_64-redhat-linux
Thread model: posix
gcc version 4.1.2 20080704 (Red Hat 4.1.2-46)
configure:1759: $? = 0
configure:1761: cc -V </dev/null >&5
cc: '-V' option must have argument
configure:1764: $? = 1
configure:1787: checking for C compiler default output file name
configure:1790: cc    conftest.c  >&5
configure:1793: $? = 0
configure:1839: result: a.out
configure:1844: checking whether the C compiler works
configure:1850: ./a.out
configure:1853: $? = 0
configure:1870: result: yes
configure:1877: checking whether we are cross compiling
configure:1879: result: no
configure:1882: checking for suffix of executables
configure:1884: cc -o conftest    conftest.c  >&5
configure:1887: $? = 0
configure:1912: result: 
configure:1918: checking for suffix of object files
configure:1939: cc -c   conftest.c >&5
configure:1942: $? = 0
configure:1964: result: o
configure:1968: checking whether we are using the GNU C compiler
configure:1992: cc -c   conftest.c >&5
configure:1998: $? = 0
configure:2002: test -z 
			 || test ! -s conftest.err
configure:2005: $? = 0
configure:2008: test -s conftest.o
configure:2011: $? = 0
configure:2024: result: yes
configure:2030: checking whether cc accepts -g
configure:2051: cc -c -g  conftest.c >&5
configure:2057: $? = 0
configure:2061: test -z 
			 || test ! -s conftest.err
configure:2064: $? = 0
configure:2067: test -s conftest.o
configure:2070: $? = 0
configure:2081: result: yes
configure:2098: checking for cc option to accept ANSI C
configure:2168: cc  -c -g -O2  conftest.c >&5
configure:2174: $? = 0
configure:2178: test -z 
			 || test ! -s conftest.err
configure:2181: $? = 0
configure:2184: test -s conftest.o
configure:2187: $? = 0
configure:2205: result: none needed
configure:2223: cc -c -g -O2  conftest.c >&5
conftest.c:2: error: expected '=', ',', ';', 'asm' or '__attribute__' before 'me'
configure:2229: $? = 1
configure: failed program was:
| #ifndef __cplusplus
|   choke me
| #endif
configure:2368: checking how to run the C preprocessor
configure:2403: cc -E  conftest.c
configure:2409: $? = 0
configure:2441: cc -E  conftest.c
conftest.c:9:28: error: ac_nonexistent.h: No such file or directory
configure:2447: $? = 1
configure: failed program was:
| /* confdefs.h.  */
| 
| #define PACKAGE_NAME ""
| #define PACKAGE_TARNAME ""
| #define PACKAGE_VERSION ""
| #define PACKAGE_STRING ""
| #define PACKAGE_BUGREPORT ""
| /* end confdefs.h.  */
| #include <ac_nonexistent.h>
configure:2486: result: cc -E
configure:2510: cc -E  conftest.c
configure:2516: $? = 0
configure:2548: cc -E  conftest.c
conftest.c:9:28: error: ac_nonexistent.h: No such file or directory
configure:2554: $? = 1
configure: failed program was:
| /* confdefs.h.  */
| 
| #define PACKAGE_NAME ""
| #define PACKAGE_TARNAME ""
| #define PACKAGE_VERSION ""
| #define PACKAGE_STRING ""
| #define PACKAGE_BUGREPORT ""
| /* end confdefs.h.  */
| #include <ac_nonexistent.h>
configure:2600: checking for icc
configure:2613: result: no
configure:2627: checking for suncc
configure:2640: result: no
configure:2658: checking whether cc understands -c and -o together
configure:2685: cc -c conftest.c -o conftest.o >&5
configure:2688: $? = 0
configure:2690: cc -c conftest.c -o conftest.o >&5
configure:2693: $? = 0
configure:2732: result: yes
configure:2748: checking for system library directory
configure:2766: result: lib
configure:2773: checking if compiler supports -R
configure:2797: cc -o conftest -g -O2   conftest.c -R /usr/lib  >&5
cc: unrecognized option '-R'
/usr/lib: file not recognized: Is a directory
collect2: ld returned 1 exit status
configure:2803: $? = 1
configure: failed program was:
| /* confdefs.h.  */
| 
| #define PACKAGE_NAME ""
| #define PACKAGE_TARNAME ""
| #define PACKAGE_VERSION ""
| #define PACKAGE_STRING ""
| #define PACKAGE_BUGREPORT ""
| /* end confdefs.h.  */
| 
| int
| main ()
| {
| 
|   ;
|   return 0;
| }
configure:2830: result: no
configure:2835: checking if compiler supports -Wl,-rpath,
configure:2859: cc -o conftest -g -O2   conftest.c -Wl,-rpath,/usr/lib  >&5
configure:2865: $? = 0
configure:2869: test -z 
			 || test ! -s conftest.err
configure:2872: $? = 0
configure:2875: test -s conftest
configure:2878: $? = 0
configure:2892: result: yes
configure:2935: checking build system type
configure:2953: result: x86_64-redhat-linux-gnu
configure:2961: checking host system type
configure:2975: result: x86_64-redhat-linux-gnu
configure:2983: checking target system type
configure:2997: result: x86_64-redhat-linux-gnu
configure:3095: checking for PHP prefix
configure:3097: result: /usr
configure:3099: checking for PHP includes
configure:3101: result: -I/usr/include/php -I/usr/include/php/main -I/usr/include/php/TSRM -I/usr/include/php/Zend -I/usr/include/php/ext -I/usr/include/php/ext/date/lib
configure:3103: checking for PHP extension directory
configure:3105: result: /usr/lib64/php/modules
configure:3107: checking for PHP installed headers prefix
configure:3109: result: /usr/include/php
configure:3112: checking if debug is enabled
configure:3142: result: yes
configure:3145: checking if zts is enabled
configure:3175: result: yes
configure:3249: checking for re2c
configure:3278: result: no
configure:3302: WARNING: You will need re2c 0.13.4 or later if you want to regenerate PHP parsers.
configure:3316: checking for gawk
configure:3333: found /bin/gawk
configure:3343: result: gawk
configure:3391: checking whether to enable memcache support
configure:3433: result: yes, shared
configure:3442: checking whether to enable memcache session handler support
configure:3459: result: yes
configure:3469: checking for the location of ZLIB
configure:3487: result: no
configure:3534: checking for the location of zlib
configure:3541: result: /usr
configure:3780: checking for session includes
configure:3803: result: /usr/include/php
configure:3808: checking for memcache session support
configure:3811: result: enabled
configure:4553: checking for ld used by cc
configure:4620: result: /usr/bin/ld
configure:4629: checking if the linker (/usr/bin/ld) is GNU ld
configure:4644: result: yes
configure:4649: checking for /usr/bin/ld option to reload object files
configure:4656: result: -r
configure:4674: checking for BSD-compatible nm
configure:4723: result: /usr/bin/nm -B
configure:4727: checking whether ln -s works
configure:4731: result: yes
configure:4738: checking how to recognise dependent libraries
configure:4914: result: pass_all
configure:5001: cc -c -g  -O0  conftest.c >&5
configure:5004: $? = 0
configure:5145: checking for ANSI C header files
configure:5170: cc -c -g  -O0  conftest.c >&5
configure:5176: $? = 0
configure:5180: test -z 
			 || test ! -s conftest.err
configure:5183: $? = 0
configure:5186: test -s conftest.o
configure:5189: $? = 0
configure:5278: cc -o conftest -g  -O0   conftest.c  >&5
conftest.c: In function 'main':
conftest.c:29: warning: incompatible implicit declaration of built-in function 'exit'
configure:5281: $? = 0
configure:5283: ./conftest
configure:5286: $? = 0
configure:5301: result: yes
configure:5325: checking for sys/types.h
configure:5341: cc -c -g  -O0  conftest.c >&5
configure:5347: $? = 0
configure:5351: test -z 
			 || test ! -s conftest.err
configure:5354: $? = 0
configure:5357: test -s conftest.o
configure:5360: $? = 0
configure:5371: result: yes
configure:5325: checking for sys/stat.h
configure:5341: cc -c -g  -O0  conftest.c >&5
configure:5347: $? = 0
configure:5351: test -z 
			 || test ! -s conftest.err
configure:5354: $? = 0
configure:5357: test -s conftest.o
configure:5360: $? = 0
configure:5371: result: yes
configure:5325: checking for stdlib.h
configure:5341: cc -c -g  -O0  conftest.c >&5
configure:5347: $? = 0
configure:5351: test -z 
			 || test ! -s conftest.err
configure:5354: $? = 0
configure:5357: test -s conftest.o
configure:5360: $? = 0
configure:5371: result: yes
configure:5325: checking for string.h
configure:5341: cc -c -g  -O0  conftest.c >&5
configure:5347: $? = 0
configure:5351: test -z 
			 || test ! -s conftest.err
configure:5354: $? = 0
configure:5357: test -s conftest.o
configure:5360: $? = 0
configure:5371: result: yes
configure:5325: checking for memory.h
configure:5341: cc -c -g  -O0  conftest.c >&5
configure:5347: $? = 0
configure:5351: test -z 
			 || test ! -s conftest.err
configure:5354: $? = 0
configure:5357: test -s conftest.o
configure:5360: $? = 0
configure:5371: result: yes
configure:5325: checking for strings.h
configure:5341: cc -c -g  -O0  conftest.c >&5
configure:5347: $? = 0
configure:5351: test -z 
			 || test ! -s conftest.err
configure:5354: $? = 0
configure:5357: test -s conftest.o
configure:5360: $? = 0
configure:5371: result: yes
configure:5325: checking for inttypes.h
configure:5341: cc -c -g  -O0  conftest.c >&5
configure:5347: $? = 0
configure:5351: test -z 
			 || test ! -s conftest.err
configure:5354: $? = 0
configure:5357: test -s conftest.o
configure:5360: $? = 0
configure:5371: result: yes
configure:5325: checking for stdint.h
configure:5341: cc -c -g  -O0  conftest.c >&5
configure:5347: $? = 0
configure:5351: test -z 
			 || test ! -s conftest.err
configure:5354: $? = 0
configure:5357: test -s conftest.o
configure:5360: $? = 0
configure:5371: result: yes
configure:5325: checking for unistd.h
configure:5341: cc -c -g  -O0  conftest.c >&5
configure:5347: $? = 0
configure:5351: test -z 
			 || test ! -s conftest.err
configure:5354: $? = 0
configure:5357: test -s conftest.o
configure:5360: $? = 0
configure:5371: result: yes
configure:5397: checking dlfcn.h usability
configure:5409: cc -c -g  -O0  conftest.c >&5
configure:5415: $? = 0
configure:5419: test -z 
			 || test ! -s conftest.err
configure:5422: $? = 0
configure:5425: test -s conftest.o
configure:5428: $? = 0
configure:5438: result: yes
configure:5442: checking dlfcn.h presence
configure:5452: cc -E  conftest.c
configure:5458: $? = 0
configure:5478: result: yes
configure:5513: checking for dlfcn.h
configure:5520: result: yes
configure:5594: checking for g77
configure:5623: result: no
configure:5594: checking for f77
configure:5623: result: no
configure:5594: checking for xlf
configure:5623: result: no
configure:5594: checking for frt
configure:5623: result: no
configure:5594: checking for pgf77
configure:5623: result: no
configure:5594: checking for fort77
configure:5623: result: no
configure:5594: checking for fl32
configure:5623: result: no
configure:5594: checking for af77
configure:5623: result: no
configure:5594: checking for f90
configure:5623: result: no
configure:5594: checking for xlf90
configure:5623: result: no
configure:5594: checking for pgf90
configure:5623: result: no
configure:5594: checking for epcf90
configure:5623: result: no
configure:5594: checking for f95
configure:5610: found /usr/bin/f95
configure:5620: result: f95
configure:5635: checking for Fortran 77 compiler version
configure:5638: f95 --version </dev/null >&5
GNU Fortran (GCC) 4.1.2 20080704 (Red Hat 4.1.2-46)
Copyright (C) 2007 Free Software Foundation, Inc.

GNU Fortran comes with NO WARRANTY, to the extent permitted by law.
You may redistribute copies of GNU Fortran
under the terms of the GNU General Public License.
For more information about these matters, see the file named COPYING

configure:5641: $? = 0
configure:5643: f95 -v </dev/null >&5
Using built-in specs.
Target: x86_64-redhat-linux
Configured with: ../configure --prefix=/usr --mandir=/usr/share/man --infodir=/usr/share/info --enable-shared --enable-threads=posix --enable-checking=release --with-system-zlib --enable-__cxa_atexit --disable-libunwind-exceptions --enable-libgcj-multifile --enable-languages=c,c++,objc,obj-c++,java,fortran,ada --enable-java-awt=gtk --disable-dssi --enable-plugin --with-java-home=/usr/lib/jvm/java-1.4.2-gcj-1.4.2.0/jre --with-cpu=generic --host=x86_64-redhat-linux
Thread model: posix
gcc version 4.1.2 20080704 (Red Hat 4.1.2-46)
configure:5646: $? = 0
configure:5648: f95 -V </dev/null >&5
f95: '-V' option must have argument
configure:5651: $? = 1
configure:5659: checking whether we are using the GNU Fortran 77 compiler
configure:5673: f95 -c  conftest.F >&5
configure:5679: $? = 0
configure:5683: test -z 
			 || test ! -s conftest.err
configure:5686: $? = 0
configure:5689: test -s conftest.o
configure:5692: $? = 0
configure:5705: result: yes
configure:5711: checking whether f95 accepts -g
configure:5723: f95 -c -g conftest.f >&5
configure:5729: $? = 0
configure:5733: test -z 
			 || test ! -s conftest.err
configure:5736: $? = 0
configure:5739: test -s conftest.o
configure:5742: $? = 0
configure:5754: result: yes
configure:5784: checking the maximum length of command line arguments
configure:5893: result: 32768
configure:5904: checking command to parse /usr/bin/nm -B output from cc object
configure:6009: cc -c -g  -O0  conftest.c >&5
configure:6012: $? = 0
configure:6016: /usr/bin/nm -B conftest.o \| sed -n -e 's/^.*[ 	]\([ABCDGIRSTW][ABCDGIRSTW]*\)[ 	][ 	]*\([_A-Za-z][_A-Za-z0-9]*\)$/\1 \2 \2/p' \> conftest.nm
configure:6019: $? = 0
configure:6071: cc -o conftest -g  -O0   conftest.c conftstm.o >&5
configure:6074: $? = 0
configure:6112: result: ok
configure:6116: checking for objdir
configure:6131: result: .libs
configure:6221: checking for ar
configure:6237: found /usr/bin/ar
configure:6248: result: ar
configure:6301: checking for ranlib
configure:6317: found /usr/bin/ranlib
configure:6328: result: ranlib
configure:6381: checking for strip
configure:6397: found /usr/bin/strip
configure:6408: result: strip
configure:6684: checking if cc supports -fno-rtti -fno-exceptions
configure:6702: cc -c -g  -O0  -fno-rtti -fno-exceptions conftest.c >&5
cc1: warning: command line option "-fno-rtti" is valid for C++/ObjC++ but not for C
configure:6706: $? = 0
configure:6719: result: no
configure:6734: checking for cc option to produce PIC
configure:6944: result: -fPIC
configure:6952: checking if cc PIC flag -fPIC works
configure:6970: cc -c -g  -O0  -fPIC -DPIC conftest.c >&5
configure:6974: $? = 0
configure:6987: result: yes
configure:7015: checking if cc static flag -static works
configure:7043: result: yes
configure:7053: checking if cc supports -c -o file.o
configure:7074: cc -c -g  -O0  -o out/conftest2.o conftest.c >&5
configure:7078: $? = 0
configure:7100: result: yes
configure:7126: checking whether the cc linker (/usr/bin/ld -m elf_x86_64) supports shared libraries
configure:8084: result: yes
configure:8105: checking whether -lc should be explicitly linked in
configure:8110: cc -c -g  -O0  conftest.c >&5
configure:8113: $? = 0
configure:8128: cc -shared conftest.o  -v -Wl,-soname -Wl,conftest -o conftest 2\>\&1 \| grep  -lc  \>/dev/null 2\>\&1
configure:8131: $? = 0
configure:8143: result: no
configure:8151: checking dynamic linker characteristics
configure:8544: cc -c -g  -O0  conftest.c >&5
configure:8547: $? = 0
configure:8760: result: GNU/Linux ld.so
configure:8769: checking how to hardcode library paths into programs
configure:8794: result: immediate
configure:8808: checking whether stripping libraries is possible
configure:8813: result: yes
configure:9647: checking if libtool supports shared libraries
configure:9649: result: yes
configure:9652: checking whether to build shared libraries
configure:9673: result: yes
configure:9676: checking whether to build static libraries
configure:9680: result: no
configure:9772: creating libtool
configure:13307: checking if libtool supports shared libraries
configure:13309: result: yes
configure:13312: checking whether to build shared libraries
configure:13332: result: yes
configure:13335: checking whether to build static libraries
configure:13339: result: no
configure:13349: checking for f95 option to produce PIC
configure:13559: result: -fPIC
configure:13567: checking if f95 PIC flag -fPIC works
configure:13585: f95 -c -g -O2 -fPIC conftest.f >&5
configure:13589: $? = 0
configure:13602: result: yes
configure:13630: checking if f95 static flag -static works
configure:13658: result: yes
configure:13668: checking if f95 supports -c -o file.o
configure:13689: f95 -c -g -O2 -o out/conftest2.o conftest.f >&5
configure:13693: $? = 0
configure:13715: result: yes
configure:13741: checking whether the f95 linker (/usr/bin/ld -m elf_x86_64) supports shared libraries
configure:14679: result: yes
configure:14746: checking dynamic linker characteristics
configure:15139: f95 -c -g -O2 conftest.f >&5
Warning: conftest.f:1: Illegal preprocessor directive
configure:15142: $? = 0
configure:15355: result: GNU/Linux ld.so
configure:15364: checking how to hardcode library paths into programs
configure:15389: result: immediate
configure:19206: creating ./config.status

## ---------------------- ##
## Running config.status. ##
## ---------------------- ##

This file was extended by config.status, which was
generated by GNU Autoconf 2.59.  Invocation command line was

  CONFIG_FILES    = 
  CONFIG_HEADERS  = 
  CONFIG_LINKS    = 
  CONFIG_COMMANDS = 
  $ ./config.status 

on dfw01.youversion.com

config.status:454: creating config.h
config.status:564: config.h is unchanged

## ---------------- ##
## Cache variables. ##
## ---------------- ##

ac_cv_build=x86_64-redhat-linux-gnu
ac_cv_build_alias=x86_64-redhat-linux-gnu
ac_cv_c_compiler_gnu=yes
ac_cv_env_CC_set=
ac_cv_env_CC_value=
ac_cv_env_CFLAGS_set=
ac_cv_env_CFLAGS_value=
ac_cv_env_CPPFLAGS_set=
ac_cv_env_CPPFLAGS_value=
ac_cv_env_CPP_set=
ac_cv_env_CPP_value=
ac_cv_env_F77_set=
ac_cv_env_F77_value=
ac_cv_env_FFLAGS_set=
ac_cv_env_FFLAGS_value=
ac_cv_env_LDFLAGS_set=
ac_cv_env_LDFLAGS_value=
ac_cv_env_build_alias_set=
ac_cv_env_build_alias_value=
ac_cv_env_host_alias_set=
ac_cv_env_host_alias_value=
ac_cv_env_target_alias_set=
ac_cv_env_target_alias_value=
ac_cv_exeext=
ac_cv_f77_compiler_gnu=yes
ac_cv_header_dlfcn_h=yes
ac_cv_header_inttypes_h=yes
ac_cv_header_memory_h=yes
ac_cv_header_stdc=yes
ac_cv_header_stdint_h=yes
ac_cv_header_stdlib_h=yes
ac_cv_header_string_h=yes
ac_cv_header_strings_h=yes
ac_cv_header_sys_stat_h=yes
ac_cv_header_sys_types_h=yes
ac_cv_header_unistd_h=yes
ac_cv_host=x86_64-redhat-linux-gnu
ac_cv_host_alias=x86_64-redhat-linux-gnu
ac_cv_objext=o
ac_cv_prog_AWK=gawk
ac_cv_prog_CPP='cc -E'
ac_cv_prog_ac_ct_AR=ar
ac_cv_prog_ac_ct_CC=cc
ac_cv_prog_ac_ct_F77=f95
ac_cv_prog_ac_ct_RANLIB=ranlib
ac_cv_prog_ac_ct_STRIP=strip
ac_cv_prog_cc_cc_c_o=yes
ac_cv_prog_cc_g=yes
ac_cv_prog_cc_stdc=
ac_cv_prog_egrep='grep -E'
ac_cv_prog_f77_g=yes
ac_cv_target=x86_64-redhat-linux-gnu
ac_cv_target_alias=x86_64-redhat-linux-gnu
lt_cv_deplibs_check_method=pass_all
lt_cv_file_magic_cmd='$MAGIC_CMD'
lt_cv_file_magic_test_file=
lt_cv_ld_reload_flag=-r
lt_cv_objdir=.libs
lt_cv_path_LD=/usr/bin/ld
lt_cv_path_NM='/usr/bin/nm -B'
lt_cv_path_SED=/bin/sed
lt_cv_prog_compiler_c_o=yes
lt_cv_prog_compiler_c_o_F77=yes
lt_cv_prog_compiler_rtti_exceptions=no
lt_cv_prog_gnu_ld=yes
lt_cv_sys_global_symbol_pipe='sed -n -e '\''s/^.*[ 	]\([ABCDGIRSTW][ABCDGIRSTW]*\)[ 	][ 	]*\([_A-Za-z][_A-Za-z0-9]*\)$/\1 \2 \2/p'\'''
lt_cv_sys_global_symbol_to_c_name_address='sed -n -e '\''s/^: \([^ ]*\) $/  {\"\1\", (lt_ptr) 0},/p'\'' -e '\''s/^[BCDEGRST] \([^ ]*\) \([^ ]*\)$/  {"\2", (lt_ptr) \&\2},/p'\'''
lt_cv_sys_global_symbol_to_cdecl='sed -n -e '\''s/^. .* \(.*\)$/extern int \1;/p'\'''
lt_cv_sys_max_cmd_len=32768
lt_lt_cv_prog_compiler_c_o='"yes"'
lt_lt_cv_prog_compiler_c_o_F77='"yes"'
lt_lt_cv_sys_global_symbol_pipe='"sed -n -e '\''s/^.*[ 	]\\([ABCDGIRSTW][ABCDGIRSTW]*\\)[ 	][ 	]*\\([_A-Za-z][_A-Za-z0-9]*\\)\$/\\1 \\2 \\2/p'\''"'
lt_lt_cv_sys_global_symbol_to_c_name_address='"sed -n -e '\''s/^: \\([^ ]*\\) \$/  {\\\"\\1\\\", (lt_ptr) 0},/p'\'' -e '\''s/^[BCDEGRST] \\([^ ]*\\) \\([^ ]*\\)\$/  {\"\\2\", (lt_ptr) \\&\\2},/p'\''"'
lt_lt_cv_sys_global_symbol_to_cdecl='"sed -n -e '\''s/^. .* \\(.*\\)\$/extern int \\1;/p'\''"'
php_cv_cc_dashr=no
php_cv_cc_rpath=yes

## ----------------- ##
## Output variables. ##
## ----------------- ##

AR='ar'
AWK='gawk'
CC='cc'
CFLAGS='-g  -O0'
CONFIGURE_COMMAND=' './configure' '
CONFIGURE_OPTIONS=''
CPP='cc -E'
CPPFLAGS=' -DHAVE_CONFIG_H'
DEFS='-DHAVE_CONFIG_H'
ECHO='echo'
ECHO_C=''
ECHO_N='-n'
ECHO_T=''
EGREP='grep -E'
EXEEXT=''
F77='f95'
FFLAGS='-g -O2'
LDFLAGS=''
LIBOBJS=''
LIBS=''
LIBTOOL='$(SHELL) $(top_builddir)/libtool'
LN_S='ln -s'
LTLIBOBJS=''
OBJEXT='o'
PACKAGE_BUGREPORT=''
PACKAGE_NAME=''
PACKAGE_STRING=''
PACKAGE_TARNAME=''
PACKAGE_VERSION=''
PATH_SEPARATOR=':'
RANLIB='ranlib'
RE2C='exit 0;'
SED='/bin/sed'
SHELL='/bin/sh'
SHLIB_DL_SUFFIX_NAME='so'
SHLIB_SUFFIX_NAME='so'
STRIP='strip'
ac_ct_AR='ar'
ac_ct_CC='cc'
ac_ct_F77='f95'
ac_ct_RANLIB='ranlib'
ac_ct_STRIP='strip'
bindir='${exec_prefix}/bin'
build='x86_64-redhat-linux-gnu'
build_alias=''
build_cpu='x86_64'
build_os='linux-gnu'
build_vendor='redhat'
datadir='${prefix}/share'
exec_prefix='$(prefix)'
host='x86_64-redhat-linux-gnu'
host_alias='x86_64-redhat-linux-gnu'
host_cpu='x86_64'
host_os='linux-gnu'
host_vendor='redhat'
includedir='${prefix}/include'
infodir='${prefix}/info'
libdir='${exec_prefix}/lib'
libexecdir='${exec_prefix}/libexec'
localstatedir='${prefix}/var'
mandir='${prefix}/man'
oldincludedir='/usr/include'
prefix='/usr'
program_transform_name='s,x,x,'
sbindir='${exec_prefix}/sbin'
sharedstatedir='${prefix}/com'
sysconfdir='${prefix}/etc'
target='x86_64-redhat-linux-gnu'
target_alias=''
target_cpu='x86_64'
target_os='linux-gnu'
target_vendor='redhat'

## ----------- ##
## confdefs.h. ##
## ----------- ##

#define COMPILE_DL_MEMCACHE 1
#define HAVE_DLFCN_H 1
#define HAVE_INTTYPES_H 1
#define HAVE_MEMCACHE 1
#define HAVE_MEMCACHE_SESSION 1
#define HAVE_MEMORY_H 1
#define HAVE_STDINT_H 1
#define HAVE_STDLIB_H 1
#define HAVE_STRINGS_H 1
#define HAVE_STRING_H 1
#define HAVE_SYS_STAT_H 1
#define HAVE_SYS_TYPES_H 1
#define HAVE_UNISTD_H 1
#define PACKAGE_BUGREPORT ""
#define PACKAGE_NAME ""
#define PACKAGE_STRING ""
#define PACKAGE_TARNAME ""
#define PACKAGE_VERSION ""
#define STDC_HEADERS 1

configure: exit 0
